2013/10/10 17:47:51 [error] [php] include(C:/Servers/htdocs/content/snippets/resume.html): failed to open stream: No such file or directory (C:\Servers\htdocs\www\protected\views\site\pages\resume.php:14)
Stack trace:
#0 C:\Servers\htdocs\YiiRoot\framework\web\CBaseController.php(96): SiteController->renderInternal()
#1 C:\Servers\htdocs\YiiRoot\framework\web\CController.php(870): SiteController->renderFile()
#2 C:\Servers\htdocs\YiiRoot\framework\web\CController.php(783): SiteController->renderPartial()
#3 C:\Servers\htdocs\YiiRoot\framework\web\actions\CViewAction.php(141): SiteController->render()
#4 C:\Servers\htdocs\YiiRoot\framework\web\actions\CAction.php(75): CViewAction->run()
#5 C:\Servers\htdocs\YiiRoot\framework\web\CController.php(309): CViewAction->runWithParams()
#6 C:\Servers\htdocs\YiiRoot\framework\web\CController.php(287): SiteController->runAction()
#7 C:\Servers\htdocs\YiiRoot\framework\web\CController.php(266): SiteController->runActionWithFilters()
#8 C:\Servers\htdocs\YiiRoot\framework\web\CWebApplication.php(283): SiteController->run()
#9 C:\Servers\htdocs\YiiRoot\framework\web\CWebApplication.php(142): CWebApplication->runController()
#10 C:\Servers\htdocs\YiiRoot\framework\base\CApplication.php(162): CWebApplication->processRequest()
#11 C:\Servers\htdocs\www\index.php(13): CWebApplication->run()
REQUEST_URI=/www/index.php?r=site/page&view=resume
in C:\Servers\htdocs\www\protected\views\site\pages\resume.php (14)
in C:\Servers\htdocs\www\protected\views\site\pages\resume.php (14)
in C:\Servers\htdocs\www\index.php (13)
2013/10/10 17:51:50 [error] [exception.CException] exception 'CException' with message 'Property "SiteController.pageCSS" is not defined.' in C:\Servers\htdocs\YiiRoot\framework\base\CComponent.php:174
Stack trace:
#0 C:\Servers\htdocs\www\protected\views\site\pages\resume.php(3): CComponent->__set('pageCSS', 'resume.css')
#1 C:\Servers\htdocs\YiiRoot\framework\web\CBaseController.php(127): require('C:\Servers\htdo...')
#2 C:\Servers\htdocs\YiiRoot\framework\web\CBaseController.php(96): CBaseController->renderInternal('C:\Servers\htdo...', NULL, true)
#3 C:\Servers\htdocs\YiiRoot\framework\web\CController.php(870): CBaseController->renderFile('C:\Servers\htdo...', NULL, true)
#4 C:\Servers\htdocs\YiiRoot\framework\web\CController.php(783): CController->renderPartial('pages/resume', NULL, true)
#5 C:\Servers\htdocs\YiiRoot\framework\web\actions\CViewAction.php(141): CController->render('pages/resume')
#6 C:\Servers\htdocs\YiiRoot\framework\web\actions\CAction.php(75): CViewAction->run()
#7 C:\Servers\htdocs\YiiRoot\framework\web\CController.php(309): CAction->runWithParams(Array)
#8 C:\Servers\htdocs\YiiRoot\framework\web\CController.php(287): CController->runAction(Object(CViewAction))
#9 C:\Servers\htdocs\YiiRoot\framework\web\CController.php(266): CController->runActionWithFilters(Object(CViewAction), Array)
#10 C:\Servers\htdocs\YiiRoot\framework\web\CWebApplication.php(283): CController->run('page')
#11 C:\Servers\htdocs\YiiRoot\framework\web\CWebApplication.php(142): CWebApplication->runController('site/page')
#12 C:\Servers\htdocs\YiiRoot\framework\base\CApplication.php(162): CWebApplication->processRequest()
#13 C:\Servers\htdocs\www\index.php(13): CApplication->run()
#14 {main}
REQUEST_URI=/www/index.php?r=site/page&view=resume
---
2013/10/10 17:56:50 [error] [exception.CException] exception 'CException' with message 'Property "SiteController.pageCSS" is not defined.' in C:\Servers\htdocs\YiiRoot\framework\base\CComponent.php:174
Stack trace:
#0 C:\Servers\htdocs\www\protected\views\site\pages\resume.php(3): CComponent->__set('pageCSS', 'resume.css')
#1 C:\Servers\htdocs\YiiRoot\framework\web\CBaseController.php(127): require('C:\Servers\htdo...')
#2 C:\Servers\htdocs\YiiRoot\framework\web\CBaseController.php(96): CBaseController->renderInternal('C:\Servers\htdo...', NULL, true)
#3 C:\Servers\htdocs\YiiRoot\framework\web\CController.php(870): CBaseController->renderFile('C:\Servers\htdo...', NULL, true)
#4 C:\Servers\htdocs\YiiRoot\framework\web\CController.php(783): CController->renderPartial('pages/resume', NULL, true)
#5 C:\Servers\htdocs\YiiRoot\framework\web\actions\CViewAction.php(141): CController->render('pages/resume')
#6 C:\Servers\htdocs\YiiRoot\framework\web\actions\CAction.php(75): CViewAction->run()
#7 C:\Servers\htdocs\YiiRoot\framework\web\CController.php(309): CAction->runWithParams(Array)
#8 C:\Servers\htdocs\YiiRoot\framework\web\CController.php(287): CController->runAction(Object(CViewAction))
#9 C:\Servers\htdocs\YiiRoot\framework\web\CController.php(266): CController->runActionWithFilters(Object(CViewAction), Array)
#10 C:\Servers\htdocs\YiiRoot\framework\web\CWebApplication.php(283): CController->run('page')
#11 C:\Servers\htdocs\YiiRoot\framework\web\CWebApplication.php(142): CWebApplication->runController('site/page')
#12 C:\Servers\htdocs\YiiRoot\framework\base\CApplication.php(162): CWebApplication->processRequest()
#13 C:\Servers\htdocs\www\index.php(13): CApplication->run()
#14 {main}
REQUEST_URI=/www/index.php?r=site/page&view=resume
---
2013/10/10 17:59:17 [error] [exception.CException] exception 'CException' with message 'Property "SiteController.pageCSS" is not defined.' in C:\Servers\htdocs\YiiRoot\framework\base\CComponent.php:174
Stack trace:
#0 C:\Servers\htdocs\www\protected\views\site\pages\resume.php(3): CComponent->__set('pageCSS', 'resume.css')
#1 C:\Servers\htdocs\YiiRoot\framework\web\CBaseController.php(127): require('C:\Servers\htdo...')
#2 C:\Servers\htdocs\YiiRoot\framework\web\CBaseController.php(96): CBaseController->renderInternal('C:\Servers\htdo...', NULL, true)
#3 C:\Servers\htdocs\YiiRoot\framework\web\CController.php(870): CBaseController->renderFile('C:\Servers\htdo...', NULL, true)
#4 C:\Servers\htdocs\YiiRoot\framework\web\CController.php(783): CController->renderPartial('pages/resume', NULL, true)
#5 C:\Servers\htdocs\YiiRoot\framework\web\actions\CViewAction.php(141): CController->render('pages/resume')
#6 C:\Servers\htdocs\YiiRoot\framework\web\actions\CAction.php(75): CViewAction->run()
#7 C:\Servers\htdocs\YiiRoot\framework\web\CController.php(309): CAction->runWithParams(Array)
#8 C:\Servers\htdocs\YiiRoot\framework\web\CController.php(287): CController->runAction(Object(CViewAction))
#9 C:\Servers\htdocs\YiiRoot\framework\web\CController.php(266): CController->runActionWithFilters(Object(CViewAction), Array)
#10 C:\Servers\htdocs\YiiRoot\framework\web\CWebApplication.php(283): CController->run('page')
#11 C:\Servers\htdocs\YiiRoot\framework\web\CWebApplication.php(142): CWebApplication->runController('site/page')
#12 C:\Servers\htdocs\YiiRoot\framework\base\CApplication.php(162): CWebApplication->processRequest()
#13 C:\Servers\htdocs\www\index.php(13): CApplication->run()
#14 {main}
REQUEST_URI=/www/index.php?r=site/page&view=resume
---
2013/10/10 17:59:20 [error] [exception.CException] exception 'CException' with message 'Property "SiteController.pageCSS" is not defined.' in C:\Servers\htdocs\YiiRoot\framework\base\CComponent.php:174
Stack trace:
#0 C:\Servers\htdocs\www\protected\views\site\pages\resume.php(3): CComponent->__set('pageCSS', 'resume.css')
#1 C:\Servers\htdocs\YiiRoot\framework\web\CBaseController.php(127): require('C:\Servers\htdo...')
#2 C:\Servers\htdocs\YiiRoot\framework\web\CBaseController.php(96): CBaseController->renderInternal('C:\Servers\htdo...', NULL, true)
#3 C:\Servers\htdocs\YiiRoot\framework\web\CController.php(870): CBaseController->renderFile('C:\Servers\htdo...', NULL, true)
#4 C:\Servers\htdocs\YiiRoot\framework\web\CController.php(783): CController->renderPartial('pages/resume', NULL, true)
#5 C:\Servers\htdocs\YiiRoot\framework\web\actions\CViewAction.php(141): CController->render('pages/resume')
#6 C:\Servers\htdocs\YiiRoot\framework\web\actions\CAction.php(75): CViewAction->run()
#7 C:\Servers\htdocs\YiiRoot\framework\web\CController.php(309): CAction->runWithParams(Array)
#8 C:\Servers\htdocs\YiiRoot\framework\web\CController.php(287): CController->runAction(Object(CViewAction))
#9 C:\Servers\htdocs\YiiRoot\framework\web\CController.php(266): CController->runActionWithFilters(Object(CViewAction), Array)
#10 C:\Servers\htdocs\YiiRoot\framework\web\CWebApplication.php(283): CController->run('page')
#11 C:\Servers\htdocs\YiiRoot\framework\web\CWebApplication.php(142): CWebApplication->runController('site/page')
#12 C:\Servers\htdocs\YiiRoot\framework\base\CApplication.php(162): CWebApplication->processRequest()
#13 C:\Servers\htdocs\www\index.php(13): CApplication->run()
#14 {main}
REQUEST_URI=/www/index.php?r=site/page&view=resume
---
2013/10/10 18:24:09 [error] [exception.CException] exception 'CException' with message 'Property "SiteController.pageCSS" is not defined.' in C:\Servers\htdocs\YiiRoot\framework\base\CComponent.php:174
Stack trace:
#0 C:\Servers\htdocs\www\protected\views\site\pages\resume.php(3): CComponent->__set('pageCSS', 'resume.css')
#1 C:\Servers\htdocs\YiiRoot\framework\web\CBaseController.php(127): require('C:\Servers\htdo...')
#2 C:\Servers\htdocs\YiiRoot\framework\web\CBaseController.php(96): CBaseController->renderInternal('C:\Servers\htdo...', NULL, true)
#3 C:\Servers\htdocs\YiiRoot\framework\web\CController.php(870): CBaseController->renderFile('C:\Servers\htdo...', NULL, true)
#4 C:\Servers\htdocs\YiiRoot\framework\web\CController.php(783): CController->renderPartial('pages/resume', NULL, true)
#5 C:\Servers\htdocs\YiiRoot\framework\web\actions\CViewAction.php(141): CController->render('pages/resume')
#6 C:\Servers\htdocs\YiiRoot\framework\web\actions\CAction.php(75): CViewAction->run()
#7 C:\Servers\htdocs\YiiRoot\framework\web\CController.php(309): CAction->runWithParams(Array)
#8 C:\Servers\htdocs\YiiRoot\framework\web\CController.php(287): CController->runAction(Object(CViewAction))
#9 C:\Servers\htdocs\YiiRoot\framework\web\CController.php(266): CController->runActionWithFilters(Object(CViewAction), Array)
#10 C:\Servers\htdocs\YiiRoot\framework\web\CWebApplication.php(283): CController->run('page')
#11 C:\Servers\htdocs\YiiRoot\framework\web\CWebApplication.php(142): CWebApplication->runController('site/page')
#12 C:\Servers\htdocs\YiiRoot\framework\base\CApplication.php(162): CWebApplication->processRequest()
#13 C:\Servers\htdocs\www\index.php(13): CApplication->run()
#14 {main}
REQUEST_URI=/www/index.php?r=site/page&view=resume
---
2013/10/10 18:24:13 [error] [exception.CException] exception 'CException' with message 'Property "SiteController.pageCSS" is not defined.' in C:\Servers\htdocs\YiiRoot\framework\base\CComponent.php:174
Stack trace:
#0 C:\Servers\htdocs\www\protected\views\site\pages\resume.php(3): CComponent->__set('pageCSS', 'resume.css')
#1 C:\Servers\htdocs\YiiRoot\framework\web\CBaseController.php(127): require('C:\Servers\htdo...')
#2 C:\Servers\htdocs\YiiRoot\framework\web\CBaseController.php(96): CBaseController->renderInternal('C:\Servers\htdo...', NULL, true)
#3 C:\Servers\htdocs\YiiRoot\framework\web\CController.php(870): CBaseController->renderFile('C:\Servers\htdo...', NULL, true)
#4 C:\Servers\htdocs\YiiRoot\framework\web\CController.php(783): CController->renderPartial('pages/resume', NULL, true)
#5 C:\Servers\htdocs\YiiRoot\framework\web\actions\CViewAction.php(141): CController->render('pages/resume')
#6 C:\Servers\htdocs\YiiRoot\framework\web\actions\CAction.php(75): CViewAction->run()
#7 C:\Servers\htdocs\YiiRoot\framework\web\CController.php(309): CAction->runWithParams(Array)
#8 C:\Servers\htdocs\YiiRoot\framework\web\CController.php(287): CController->runAction(Object(CViewAction))
#9 C:\Servers\htdocs\YiiRoot\framework\web\CController.php(266): CController->runActionWithFilters(Object(CViewAction), Array)
#10 C:\Servers\htdocs\YiiRoot\framework\web\CWebApplication.php(283): CController->run('page')
#11 C:\Servers\htdocs\YiiRoot\framework\web\CWebApplication.php(142): CWebApplication->runController('site/page')
#12 C:\Servers\htdocs\YiiRoot\framework\base\CApplication.php(162): CWebApplication->processRequest()
#13 C:\Servers\htdocs\www\index.php(13): CApplication->run()
#14 {main}
REQUEST_URI=/www/index.php?r=site/page&view=resume
---
2013/10/10 18:24:15 [error] [exception.CException] exception 'CException' with message 'Property "SiteController.pageCSS" is not defined.' in C:\Servers\htdocs\YiiRoot\framework\base\CComponent.php:174
Stack trace:
#0 C:\Servers\htdocs\www\protected\views\site\pages\resume.php(3): CComponent->__set('pageCSS', 'resume.css')
#1 C:\Servers\htdocs\YiiRoot\framework\web\CBaseController.php(127): require('C:\Servers\htdo...')
#2 C:\Servers\htdocs\YiiRoot\framework\web\CBaseController.php(96): CBaseController->renderInternal('C:\Servers\htdo...', NULL, true)
#3 C:\Servers\htdocs\YiiRoot\framework\web\CController.php(870): CBaseController->renderFile('C:\Servers\htdo...', NULL, true)
#4 C:\Servers\htdocs\YiiRoot\framework\web\CController.php(783): CController->renderPartial('pages/resume', NULL, true)
#5 C:\Servers\htdocs\YiiRoot\framework\web\actions\CViewAction.php(141): CController->render('pages/resume')
#6 C:\Servers\htdocs\YiiRoot\framework\web\actions\CAction.php(75): CViewAction->run()
#7 C:\Servers\htdocs\YiiRoot\framework\web\CController.php(309): CAction->runWithParams(Array)
#8 C:\Servers\htdocs\YiiRoot\framework\web\CController.php(287): CController->runAction(Object(CViewAction))
#9 C:\Servers\htdocs\YiiRoot\framework\web\CController.php(266): CController->runActionWithFilters(Object(CViewAction), Array)
#10 C:\Servers\htdocs\YiiRoot\framework\web\CWebApplication.php(283): CController->run('page')
#11 C:\Servers\htdocs\YiiRoot\framework\web\CWebApplication.php(142): CWebApplication->runController('site/page')
#12 C:\Servers\htdocs\YiiRoot\framework\base\CApplication.php(162): CWebApplication->processRequest()
#13 C:\Servers\htdocs\www\index.php(13): CApplication->run()
#14 {main}
REQUEST_URI=/www/index.php?r=site/page&view=resume
---
2013/10/10 18:24:16 [error] [exception.CException] exception 'CException' with message 'Property "SiteController.pageCSS" is not defined.' in C:\Servers\htdocs\YiiRoot\framework\base\CComponent.php:174
Stack trace:
#0 C:\Servers\htdocs\www\protected\views\site\pages\resume.php(3): CComponent->__set('pageCSS', 'resume.css')
#1 C:\Servers\htdocs\YiiRoot\framework\web\CBaseController.php(127): require('C:\Servers\htdo...')
#2 C:\Servers\htdocs\YiiRoot\framework\web\CBaseController.php(96): CBaseController->renderInternal('C:\Servers\htdo...', NULL, true)
#3 C:\Servers\htdocs\YiiRoot\framework\web\CController.php(870): CBaseController->renderFile('C:\Servers\htdo...', NULL, true)
#4 C:\Servers\htdocs\YiiRoot\framework\web\CController.php(783): CController->renderPartial('pages/resume', NULL, true)
#5 C:\Servers\htdocs\YiiRoot\framework\web\actions\CViewAction.php(141): CController->render('pages/resume')
#6 C:\Servers\htdocs\YiiRoot\framework\web\actions\CAction.php(75): CViewAction->run()
#7 C:\Servers\htdocs\YiiRoot\framework\web\CController.php(309): CAction->runWithParams(Array)
#8 C:\Servers\htdocs\YiiRoot\framework\web\CController.php(287): CController->runAction(Object(CViewAction))
#9 C:\Servers\htdocs\YiiRoot\framework\web\CController.php(266): CController->runActionWithFilters(Object(CViewAction), Array)
#10 C:\Servers\htdocs\YiiRoot\framework\web\CWebApplication.php(283): CController->run('page')
#11 C:\Servers\htdocs\YiiRoot\framework\web\CWebApplication.php(142): CWebApplication->runController('site/page')
#12 C:\Servers\htdocs\YiiRoot\framework\base\CApplication.php(162): CWebApplication->processRequest()
#13 C:\Servers\htdocs\www\index.php(13): CApplication->run()
#14 {main}
REQUEST_URI=/www/index.php?r=site/page&view=resume
---
2013/10/10 18:57:04 [error] [php] Undefined variable: _metaKeyWords (C:\Servers\htdocs\www\protected\controllers\SiteController.php:32)
Stack trace:
#0 C:\Servers\htdocs\YiiRoot\framework\web\CBaseController.php(127): require()
#1 C:\Servers\htdocs\YiiRoot\framework\web\CBaseController.php(96): SiteController->renderInternal()
#2 C:\Servers\htdocs\YiiRoot\framework\web\CController.php(870): SiteController->renderFile()
#3 C:\Servers\htdocs\YiiRoot\framework\web\CController.php(783): SiteController->renderPartial()
#4 C:\Servers\htdocs\YiiRoot\framework\web\actions\CViewAction.php(141): SiteController->render()
#5 C:\Servers\htdocs\YiiRoot\framework\web\actions\CAction.php(75): CViewAction->run()
#6 C:\Servers\htdocs\YiiRoot\framework\web\CController.php(309): CViewAction->runWithParams()
#7 C:\Servers\htdocs\YiiRoot\framework\web\CController.php(287): SiteController->runAction()
#8 C:\Servers\htdocs\YiiRoot\framework\web\CController.php(266): SiteController->runActionWithFilters()
#9 C:\Servers\htdocs\YiiRoot\framework\web\CWebApplication.php(283): SiteController->run()
#10 C:\Servers\htdocs\YiiRoot\framework\web\CWebApplication.php(142): CWebApplication->runController()
#11 C:\Servers\htdocs\YiiRoot\framework\base\CApplication.php(162): CWebApplication->processRequest()
#12 C:\Servers\htdocs\www\index.php(13): CWebApplication->run()
REQUEST_URI=/www/index.php?r=site/page&view=resume
in C:\Servers\htdocs\www\protected\controllers\SiteController.php (32)
in C:\Servers\htdocs\www\protected\views\site\pages\resume.php (4)
in C:\Servers\htdocs\www\index.php (13)
2013/10/10 19:00:01 [error] [php] Use of undefined constant pageCSS - assumed 'pageCSS' (C:\Servers\htdocs\www\protected\views\layouts\main.php:19)
Stack trace:
#0 C:\Servers\htdocs\YiiRoot\framework\web\widgets\CContentDecorator.php(77): SiteController->renderFile()
#1 C:\Servers\htdocs\YiiRoot\framework\web\widgets\CContentDecorator.php(55): CContentDecorator->decorate()
#2 C:\Servers\htdocs\YiiRoot\framework\web\widgets\COutputProcessor.php(45): CContentDecorator->processOutput()
#3 C:\Servers\htdocs\YiiRoot\framework\web\CBaseController.php(207): CContentDecorator->run()
#4 C:\Servers\htdocs\YiiRoot\framework\web\CBaseController.php(301): SiteController->endWidget()
#5 C:\Servers\htdocs\www\protected\views\layouts\column1.php(6): SiteController->endContent()
#6 C:\Servers\htdocs\YiiRoot\framework\web\CBaseController.php(127): require()
#7 C:\Servers\htdocs\YiiRoot\framework\web\CBaseController.php(96): SiteController->renderInternal()
#8 C:\Servers\htdocs\YiiRoot\framework\web\CController.php(785): SiteController->renderFile()
#9 C:\Servers\htdocs\YiiRoot\framework\web\actions\CViewAction.php(141): SiteController->render()
#10 C:\Servers\htdocs\YiiRoot\framework\web\actions\CAction.php(75): CViewAction->run()
#11 C:\Servers\htdocs\YiiRoot\framework\web\CController.php(309): CViewAction->runWithParams()
#12 C:\Servers\htdocs\YiiRoot\framework\web\CController.php(287): SiteController->runAction()
#13 C:\Servers\htdocs\YiiRoot\framework\web\CController.php(266): SiteController->runActionWithFilters()
#14 C:\Servers\htdocs\YiiRoot\framework\web\CWebApplication.php(283): SiteController->run()
#15 C:\Servers\htdocs\YiiRoot\framework\web\CWebApplication.php(142): CWebApplication->runController()
#16 C:\Servers\htdocs\YiiRoot\framework\base\CApplication.php(162): CWebApplication->processRequest()
#17 C:\Servers\htdocs\www\index.php(13): CWebApplication->run()
REQUEST_URI=/www/index.php?r=site/page&view=resume
in C:\Servers\htdocs\www\protected\views\layouts\main.php (19)
in C:\Servers\htdocs\www\protected\views\layouts\column1.php (6)
in C:\Servers\htdocs\www\index.php (13)
2013/10/11 14:42:01 [error] [exception.CHttpException.404] exception 'CHttpException' with message 'The system is unable to find the requested action "portfolio".' in C:\Servers\htdocs\YiiRoot\framework\web\CController.php:484
Stack trace:
#0 C:\Servers\htdocs\YiiRoot\framework\web\CController.php(271): CController->missingAction('portfolio')
#1 C:\Servers\htdocs\YiiRoot\framework\web\CWebApplication.php(283): CController->run('portfolio')
#2 C:\Servers\htdocs\YiiRoot\framework\web\CWebApplication.php(142): CWebApplication->runController('site/portfolio')
#3 C:\Servers\htdocs\YiiRoot\framework\base\CApplication.php(162): CWebApplication->processRequest()
#4 C:\Servers\htdocs\www\index.php(13): CApplication->run()
#5 {main}
REQUEST_URI=/www/index.php?r=site/portfolio
HTTP_REFERER=http://localhost/www/index.php?r=site/page&view=resume
---
2013/10/11 15:17:07 [error] [php] mail(): Failed to connect to mailserver at &quot;localhost&quot; port 25, verify your &quot;SMTP&quot; and &quot;smtp_port&quot; setting in php.ini or use ini_set() (C:\Servers\htdocs\www\protected\controllers\SiteController.php:122)
Stack trace:
#0 C:\Servers\htdocs\YiiRoot\framework\web\CController.php(309): CInlineAction->runWithParams()
#1 C:\Servers\htdocs\YiiRoot\framework\web\CController.php(287): SiteController->runAction()
#2 C:\Servers\htdocs\YiiRoot\framework\web\CController.php(266): SiteController->runActionWithFilters()
#3 C:\Servers\htdocs\YiiRoot\framework\web\CWebApplication.php(283): SiteController->run()
#4 C:\Servers\htdocs\YiiRoot\framework\web\CWebApplication.php(142): CWebApplication->runController()
#5 C:\Servers\htdocs\YiiRoot\framework\base\CApplication.php(162): CWebApplication->processRequest()
#6 C:\Servers\htdocs\www\index.php(13): CWebApplication->run()
REQUEST_URI=/www/index.php?r=site/contact
in C:\Servers\htdocs\www\protected\controllers\SiteController.php (122)
in C:\Servers\htdocs\www\index.php (13)
2013/10/11 16:49:41 [error] [exception.CHttpException.404] exception 'CHttpException' with message 'The system is unable to find the requested action "portfolio".' in C:\Servers\htdocs\YiiRoot\framework\web\CController.php:484
Stack trace:
#0 C:\Servers\htdocs\YiiRoot\framework\web\CController.php(271): CController->missingAction('portfolio')
#1 C:\Servers\htdocs\YiiRoot\framework\web\CWebApplication.php(283): CController->run('portfolio')
#2 C:\Servers\htdocs\YiiRoot\framework\web\CWebApplication.php(142): CWebApplication->runController('site/portfolio')
#3 C:\Servers\htdocs\YiiRoot\framework\base\CApplication.php(162): CWebApplication->processRequest()
#4 C:\Servers\htdocs\www\index.php(13): CApplication->run()
#5 {main}
REQUEST_URI=/www/index.php?r=site/portfolio
HTTP_REFERER=http://localhost/www/index.php?r=site/index
---
2013/10/11 16:50:06 [error] [exception.CHttpException.404] exception 'CHttpException' with message 'The system is unable to find the requested action "portfolio".' in C:\Servers\htdocs\YiiRoot\framework\web\CController.php:484
Stack trace:
#0 C:\Servers\htdocs\YiiRoot\framework\web\CController.php(271): CController->missingAction('portfolio')
#1 C:\Servers\htdocs\YiiRoot\framework\web\CWebApplication.php(283): CController->run('portfolio')
#2 C:\Servers\htdocs\YiiRoot\framework\web\CWebApplication.php(142): CWebApplication->runController('site/portfolio')
#3 C:\Servers\htdocs\YiiRoot\framework\base\CApplication.php(162): CWebApplication->processRequest()
#4 C:\Servers\htdocs\www\index.php(13): CApplication->run()
#5 {main}
REQUEST_URI=/www/index.php?r=site/portfolio
HTTP_REFERER=http://localhost/www/index.php?r=site/index
---
